[2024-11-29T14:09:30.222+0700] {local_task_job_runner.py:123} INFO - ::group::Pre task execution logs
[2024-11-29T14:09:30.415+0700] {taskinstance.py:2612} INFO - Dependencies all met for dep_context=non-requeueable deps ti=<TaskInstance: sensor_sleep.wait_sleep scheduled__2024-11-29T07:08:00+00:00 [queued]>
[2024-11-29T14:09:30.510+0700] {taskinstance.py:2612} INFO - Dependencies all met for dep_context=requeueable deps ti=<TaskInstance: sensor_sleep.wait_sleep scheduled__2024-11-29T07:08:00+00:00 [queued]>
[2024-11-29T14:09:30.511+0700] {taskinstance.py:2865} INFO - Starting attempt 1 of 1
[2024-11-29T14:09:30.617+0700] {taskinstance.py:2888} INFO - Executing <Task(TimeDeltaSensor): wait_sleep> on 2024-11-29 07:08:00+00:00
[2024-11-29T14:09:30.690+0700] {standard_task_runner.py:104} INFO - Running: ['airflow', 'tasks', 'run', 'sensor_sleep', 'wait_sleep', 'scheduled__2024-11-29T07:08:00+00:00', '--job-id', '46', '--raw', '--subdir', 'DAGS_FOLDER/PART_3/Sensor/sensor_sleep.py', '--cfg-path', '/tmp/tmpjpkgaaej']
[2024-11-29T14:09:30.715+0700] {standard_task_runner.py:105} INFO - Job 46: Subtask wait_sleep
[2024-11-29T14:09:30.738+0700] {logging_mixin.py:190} WARNING - /home/3323600030_Aulia/venv/lib/python3.12/site-packages/airflow/task/task_runner/standard_task_runner.py:70 DeprecationWarning: This process (pid=32138) is multi-threaded, use of fork() may lead to deadlocks in the child.
[2024-11-29T14:09:30.748+0700] {standard_task_runner.py:72} INFO - Started process 32405 to run task
[2024-11-29T14:09:31.231+0700] {task_command.py:467} INFO - Running <TaskInstance: sensor_sleep.wait_sleep scheduled__2024-11-29T07:08:00+00:00 [running]> on host aulialfk
[2024-11-29T14:09:31.881+0700] {taskinstance.py:3131} INFO - Exporting env vars: AIRFLOW_CTX_DAG_OWNER='airflow' AIRFLOW_CTX_DAG_ID='sensor_sleep' AIRFLOW_CTX_TASK_ID='wait_sleep' AIRFLOW_CTX_EXECUTION_DATE='2024-11-29T07:08:00+00:00' AIRFLOW_CTX_TRY_NUMBER='1' AIRFLOW_CTX_DAG_RUN_ID='scheduled__2024-11-29T07:08:00+00:00'
[2024-11-29T14:09:31.889+0700] {logging_mixin.py:190} INFO - Task instance is in running state
[2024-11-29T14:09:31.893+0700] {logging_mixin.py:190} INFO -  Previous state of the Task instance: queued
[2024-11-29T14:09:31.896+0700] {logging_mixin.py:190} INFO - Current task name:wait_sleep state:running start_date:2024-11-29 07:09:30.416908+00:00
[2024-11-29T14:09:31.897+0700] {logging_mixin.py:190} INFO - Dag name:sensor_sleep and current dag run status:running
[2024-11-29T14:09:31.906+0700] {taskinstance.py:731} INFO - ::endgroup::
[2024-11-29T14:09:31.911+0700] {time_delta.py:51} INFO - Checking if the time (2024-11-29 07:09:30+00:00) has come
[2024-11-29T14:09:31.918+0700] {base.py:336} INFO - Success criteria met. Exiting.
[2024-11-29T14:09:31.994+0700] {taskinstance.py:340} INFO - ::group::Post task execution logs
[2024-11-29T14:09:31.996+0700] {taskinstance.py:352} INFO - Marking task as SUCCESS. dag_id=sensor_sleep, task_id=wait_sleep, run_id=scheduled__2024-11-29T07:08:00+00:00, execution_date=20241129T070800, start_date=20241129T070930, end_date=20241129T070931
[2024-11-29T14:09:32.036+0700] {logging_mixin.py:190} INFO - Task instance in success state
[2024-11-29T14:09:32.046+0700] {logging_mixin.py:190} INFO -  Previous state of the Task instance: running
[2024-11-29T14:09:32.047+0700] {logging_mixin.py:190} INFO - Dag name:sensor_sleep queued_at:2024-11-29 07:09:00.207568+00:00
[2024-11-29T14:09:32.047+0700] {logging_mixin.py:190} INFO - Task hostname:aulialfk operator:TimeDeltaSensor
[2024-11-29T14:09:32.163+0700] {local_task_job_runner.py:266} INFO - Task exited with return code 0
[2024-11-29T14:09:32.311+0700] {taskinstance.py:3900} INFO - 0 downstream tasks scheduled from follow-on schedule check
[2024-11-29T14:09:32.318+0700] {local_task_job_runner.py:245} INFO - ::endgroup::
